build/app/intermediates/manifest_merge_blame_file/debug/manifest-merger-blame-debug-report.txt
1<?xml version="1.0" encoding="utf-8"?>
2<manifest xmlns:android="http://schemas.android.com/apk/res/android"
3    package="com.example.Horario"
4    android:versionCode="1"
5    android:versionName="1.0.0" >
6
7    <uses-sdk
8        android:minSdkVersion="16"
9        android:targetSdkVersion="29" />
10    <!--
11         Flutter needs it to communicate with the running application
12         to allow setting breakpoints, to provide hot reload, etc.
13    -->
14    <uses-permission android:name="android.permission.INTERNET" />
14-->src\debug\AndroidManifest.xml:6:5-66
14-->src\debug\AndroidManifest.xml:6:22-64
15    <uses-permission android:name="android.permission.VIBRATE" />
15-->[:vibration] AndroidManifest.xml:7:5-66
15-->[:vibration] AndroidManifest.xml:7:22-63
16    <uses-permission android:name="android.permission.WAKE_LOCK" />
16-->[androidx.work:work-runtime:2.3.2] AndroidManifest.xml:25:5-68
16-->[androidx.work:work-runtime:2.3.2] AndroidManifest.xml:25:22-65
17    <uses-permission android:name="android.permission.ACCESS_NETWORK_STATE" />
17-->[androidx.work:work-runtime:2.3.2] AndroidManifest.xml:26:5-79
17-->[androidx.work:work-runtime:2.3.2] AndroidManifest.xml:26:22-76
18    <uses-permission android:name="android.permission.RECEIVE_BOOT_COMPLETED" />
18-->[androidx.work:work-runtime:2.3.2] AndroidManifest.xml:27:5-81
18-->[androidx.work:work-runtime:2.3.2] AndroidManifest.xml:27:22-78
19    <uses-permission android:name="android.permission.FOREGROUND_SERVICE" />
19-->[androidx.work:work-runtime:2.3.2] AndroidManifest.xml:28:5-77
19-->[androidx.work:work-runtime:2.3.2] AndroidManifest.xml:28:22-74
20    <!--
21 io.flutter.app.FlutterApplication is an android.app.Application that
22         calls FlutterMain.startInitialization(this); in its onCreate method.
23         In most cases you can leave this as-is, but you if you want to provide
24         additional functionality it is fine to subclass or reimplement
25         FlutterApplication and put your custom class here.
26    -->
27    <application
27-->src\main\AndroidManifest.xml:8:5-46:19
28        android:name="io.flutter.app.FlutterApplication"
28-->src\main\AndroidManifest.xml:9:9-57
29        android:appComponentFactory="androidx.core.app.CoreComponentFactory"
29-->[androidx.core:core:1.1.0] AndroidManifest.xml:24:18-86
30        android:debuggable="true"
31        android:icon="@mipmap/ic_launcher"
31-->src\main\AndroidManifest.xml:11:9-43
32        android:label="Horario" >
32-->src\main\AndroidManifest.xml:10:9-32
33        <activity
33-->src\main\AndroidManifest.xml:12:9-40:20
34            android:name="com.example.Horario.MainActivity"
34-->src\main\AndroidManifest.xml:13:13-41
35            android:configChanges="orientation|keyboardHidden|keyboard|screenSize|smallestScreenSize|locale|layoutDirection|fontScale|screenLayout|density|uiMode"
35-->src\main\AndroidManifest.xml:16:13-163
36            android:hardwareAccelerated="true"
36-->src\main\AndroidManifest.xml:17:13-47
37            android:launchMode="singleTop"
37-->src\main\AndroidManifest.xml:14:13-43
38            android:theme="@style/LaunchTheme"
38-->src\main\AndroidManifest.xml:15:13-47
39            android:windowSoftInputMode="adjustResize" >
39-->src\main\AndroidManifest.xml:18:13-55
40
41            <!--
42                 Specifies an Android theme to apply to this Activity as soon as
43                 the Android process has started. This theme is visible to the user
44                 while the Flutter UI initializes. After that, this theme continues
45                 to determine the Window background behind the Flutter UI.
46            -->
47            <meta-data
47-->src\main\AndroidManifest.xml:23:13-26:17
48                android:name="io.flutter.embedding.android.NormalTheme"
48-->src\main\AndroidManifest.xml:24:15-70
49                android:resource="@style/NormalTheme" />
49-->src\main\AndroidManifest.xml:25:15-52
50            <!--
51                 Displays an Android View that continues showing the launch screen
52                 Drawable until Flutter paints its first frame, then this splash
53                 screen fades out. A splash screen is useful to avoid any visual
54                 gap between the end of Android's launch screen and the painting of
55                 Flutter's first frame.
56            -->
57            <meta-data
57-->src\main\AndroidManifest.xml:32:13-35:17
58                android:name="io.flutter.embedding.android.SplashScreenDrawable"
58-->src\main\AndroidManifest.xml:33:15-79
59                android:resource="@drawable/launch_background" />
59-->src\main\AndroidManifest.xml:34:15-61
60
61            <intent-filter>
61-->src\main\AndroidManifest.xml:36:13-39:29
62                <action android:name="android.intent.action.MAIN" />
62-->src\main\AndroidManifest.xml:37:17-68
62-->src\main\AndroidManifest.xml:37:25-66
63
64                <category android:name="android.intent.category.LAUNCHER" />
64-->src\main\AndroidManifest.xml:38:17-76
64-->src\main\AndroidManifest.xml:38:27-74
65            </intent-filter>
66        </activity>
67        <!--
68             Don't delete the meta-data below.
69             This is used by the Flutter tool to generate GeneratedPluginRegistrant.java
70        -->
71        <meta-data
71-->src\main\AndroidManifest.xml:43:9-45:33
72            android:name="flutterEmbedding"
72-->src\main\AndroidManifest.xml:44:13-44
73            android:value="2" />
73-->src\main\AndroidManifest.xml:45:13-30
74
75        <provider
75-->[androidx.work:work-runtime:2.3.2] AndroidManifest.xml:31:9-37:35
76            android:name="androidx.work.impl.WorkManagerInitializer"
76-->[androidx.work:work-runtime:2.3.2] AndroidManifest.xml:32:13-69
77            android:authorities="com.example.Horario.workmanager-init"
77-->[androidx.work:work-runtime:2.3.2] AndroidManifest.xml:33:13-68
78            android:directBootAware="false"
78-->[androidx.work:work-runtime:2.3.2] AndroidManifest.xml:34:13-44
79            android:exported="false"
79-->[androidx.work:work-runtime:2.3.2] AndroidManifest.xml:35:13-37
80            android:multiprocess="true" />
80-->[androidx.work:work-runtime:2.3.2] AndroidManifest.xml:36:13-40
81
82        <service
82-->[androidx.work:work-runtime:2.3.2] AndroidManifest.xml:39:9-44:35
83            android:name="androidx.work.impl.background.systemalarm.SystemAlarmService"
83-->[androidx.work:work-runtime:2.3.2] AndroidManifest.xml:40:13-88
84            android:directBootAware="false"
84-->[androidx.work:work-runtime:2.3.2] AndroidManifest.xml:41:13-44
85            android:enabled="@bool/enable_system_alarm_service_default"
85-->[androidx.work:work-runtime:2.3.2] AndroidManifest.xml:42:13-72
86            android:exported="false" />
86-->[androidx.work:work-runtime:2.3.2] AndroidManifest.xml:43:13-37
87        <service
87-->[androidx.work:work-runtime:2.3.2] AndroidManifest.xml:45:9-51:35
88            android:name="androidx.work.impl.background.systemjob.SystemJobService"
88-->[androidx.work:work-runtime:2.3.2] AndroidManifest.xml:46:13-84
89            android:directBootAware="false"
89-->[androidx.work:work-runtime:2.3.2] AndroidManifest.xml:47:13-44
90            android:enabled="@bool/enable_system_job_service_default"
90-->[androidx.work:work-runtime:2.3.2] AndroidManifest.xml:48:13-70
91            android:exported="true"
91-->[androidx.work:work-runtime:2.3.2] AndroidManifest.xml:49:13-36
92            android:permission="android.permission.BIND_JOB_SERVICE" />
92-->[androidx.work:work-runtime:2.3.2] AndroidManifest.xml:50:13-69
93        <service
93-->[androidx.work:work-runtime:2.3.2] AndroidManifest.xml:52:9-57:35
94            android:name="androidx.work.impl.foreground.SystemForegroundService"
94-->[androidx.work:work-runtime:2.3.2] AndroidManifest.xml:53:13-81
95            android:directBootAware="false"
95-->[androidx.work:work-runtime:2.3.2] AndroidManifest.xml:54:13-44
96            android:enabled="@bool/enable_system_foreground_service_default"
96-->[androidx.work:work-runtime:2.3.2] AndroidManifest.xml:55:13-77
97            android:exported="false" />
97-->[androidx.work:work-runtime:2.3.2] AndroidManifest.xml:56:13-37
98
99        <receiver
99-->[androidx.work:work-runtime:2.3.2] AndroidManifest.xml:59:9-64:35
100            android:name="androidx.work.impl.utils.ForceStopRunnable$BroadcastReceiver"
100-->[androidx.work:work-runtime:2.3.2] AndroidManifest.xml:60:13-88
101            android:directBootAware="false"
101-->[androidx.work:work-runtime:2.3.2] AndroidManifest.xml:61:13-44
102            android:enabled="true"
102-->[androidx.work:work-runtime:2.3.2] AndroidManifest.xml:62:13-35
103            android:exported="false" />
103-->[androidx.work:work-runtime:2.3.2] AndroidManifest.xml:63:13-37
104        <receiver
104-->[androidx.work:work-runtime:2.3.2] AndroidManifest.xml:65:9-75:20
105            android:name="androidx.work.impl.background.systemalarm.ConstraintProxy$BatteryChargingProxy"
105-->[androidx.work:work-runtime:2.3.2] AndroidManifest.xml:66:13-106
106            android:directBootAware="false"
106-->[androidx.work:work-runtime:2.3.2] AndroidManifest.xml:67:13-44
107            android:enabled="false"
107-->[androidx.work:work-runtime:2.3.2] AndroidManifest.xml:68:13-36
108            android:exported="false" >
108-->[androidx.work:work-runtime:2.3.2] AndroidManifest.xml:69:13-37
109            <intent-filter>
109-->[androidx.work:work-runtime:2.3.2] AndroidManifest.xml:71:13-74:29
110                <action android:name="android.intent.action.ACTION_POWER_CONNECTED" />
110-->[androidx.work:work-runtime:2.3.2] AndroidManifest.xml:72:17-87
110-->[androidx.work:work-runtime:2.3.2] AndroidManifest.xml:72:25-84
111                <action android:name="android.intent.action.ACTION_POWER_DISCONNECTED" />
111-->[androidx.work:work-runtime:2.3.2] AndroidManifest.xml:73:17-90
111-->[androidx.work:work-runtime:2.3.2] AndroidManifest.xml:73:25-87
112            </intent-filter>
113        </receiver>
114        <receiver
114-->[androidx.work:work-runtime:2.3.2] AndroidManifest.xml:76:9-86:20
115            android:name="androidx.work.impl.background.systemalarm.ConstraintProxy$BatteryNotLowProxy"
115-->[androidx.work:work-runtime:2.3.2] AndroidManifest.xml:77:13-104
116            android:directBootAware="false"
116-->[androidx.work:work-runtime:2.3.2] AndroidManifest.xml:78:13-44
117            android:enabled="false"
117-->[androidx.work:work-runtime:2.3.2] AndroidManifest.xml:79:13-36
118            android:exported="false" >
118-->[androidx.work:work-runtime:2.3.2] AndroidManifest.xml:80:13-37
119            <intent-filter>
119-->[androidx.work:work-runtime:2.3.2] AndroidManifest.xml:82:13-85:29
120                <action android:name="android.intent.action.BATTERY_OKAY" />
120-->[androidx.work:work-runtime:2.3.2] AndroidManifest.xml:83:17-77
120-->[androidx.work:work-runtime:2.3.2] AndroidManifest.xml:83:25-74
121                <action android:name="android.intent.action.BATTERY_LOW" />
121-->[androidx.work:work-runtime:2.3.2] AndroidManifest.xml:84:17-76
121-->[androidx.work:work-runtime:2.3.2] AndroidManifest.xml:84:25-73
122            </intent-filter>
123        </receiver>
124        <receiver
124-->[androidx.work:work-runtime:2.3.2] AndroidManifest.xml:87:9-97:20
125            android:name="androidx.work.impl.background.systemalarm.ConstraintProxy$StorageNotLowProxy"
125-->[androidx.work:work-runtime:2.3.2] AndroidManifest.xml:88:13-104
126            android:directBootAware="false"
126-->[androidx.work:work-runtime:2.3.2] AndroidManifest.xml:89:13-44
127            android:enabled="false"
127-->[androidx.work:work-runtime:2.3.2] AndroidManifest.xml:90:13-36
128            android:exported="false" >
128-->[androidx.work:work-runtime:2.3.2] AndroidManifest.xml:91:13-37
129            <intent-filter>
129-->[androidx.work:work-runtime:2.3.2] AndroidManifest.xml:93:13-96:29
130                <action android:name="android.intent.action.DEVICE_STORAGE_LOW" />
130-->[androidx.work:work-runtime:2.3.2] AndroidManifest.xml:94:17-83
130-->[androidx.work:work-runtime:2.3.2] AndroidManifest.xml:94:25-80
131                <action android:name="android.intent.action.DEVICE_STORAGE_OK" />
131-->[androidx.work:work-runtime:2.3.2] AndroidManifest.xml:95:17-82
131-->[androidx.work:work-runtime:2.3.2] AndroidManifest.xml:95:25-79
132            </intent-filter>
133        </receiver>
134        <receiver
134-->[androidx.work:work-runtime:2.3.2] AndroidManifest.xml:98:9-107:20
135            android:name="androidx.work.impl.background.systemalarm.ConstraintProxy$NetworkStateProxy"
135-->[androidx.work:work-runtime:2.3.2] AndroidManifest.xml:99:13-103
136            android:directBootAware="false"
136-->[androidx.work:work-runtime:2.3.2] AndroidManifest.xml:100:13-44
137            android:enabled="false"
137-->[androidx.work:work-runtime:2.3.2] AndroidManifest.xml:101:13-36
138            android:exported="false" >
138-->[androidx.work:work-runtime:2.3.2] AndroidManifest.xml:102:13-37
139            <intent-filter>
139-->[androidx.work:work-runtime:2.3.2] AndroidManifest.xml:104:13-106:29
140                <action android:name="android.net.conn.CONNECTIVITY_CHANGE" />
140-->[androidx.work:work-runtime:2.3.2] AndroidManifest.xml:105:17-79
140-->[androidx.work:work-runtime:2.3.2] AndroidManifest.xml:105:25-76
141            </intent-filter>
142        </receiver>
143        <receiver
143-->[androidx.work:work-runtime:2.3.2] AndroidManifest.xml:108:9-119:20
144            android:name="androidx.work.impl.background.systemalarm.RescheduleReceiver"
144-->[androidx.work:work-runtime:2.3.2] AndroidManifest.xml:109:13-88
145            android:directBootAware="false"
145-->[androidx.work:work-runtime:2.3.2] AndroidManifest.xml:110:13-44
146            android:enabled="false"
146-->[androidx.work:work-runtime:2.3.2] AndroidManifest.xml:111:13-36
147            android:exported="false" >
147-->[androidx.work:work-runtime:2.3.2] AndroidManifest.xml:112:13-37
148            <intent-filter>
148-->[androidx.work:work-runtime:2.3.2] AndroidManifest.xml:114:13-118:29
149                <action android:name="android.intent.action.BOOT_COMPLETED" />
149-->[androidx.work:work-runtime:2.3.2] AndroidManifest.xml:115:17-79
149-->[androidx.work:work-runtime:2.3.2] AndroidManifest.xml:115:25-76
150                <action android:name="android.intent.action.TIME_SET" />
150-->[androidx.work:work-runtime:2.3.2] AndroidManifest.xml:116:17-73
150-->[androidx.work:work-runtime:2.3.2] AndroidManifest.xml:116:25-70
151                <action android:name="android.intent.action.TIMEZONE_CHANGED" />
151-->[androidx.work:work-runtime:2.3.2] AndroidManifest.xml:117:17-81
151-->[androidx.work:work-runtime:2.3.2] AndroidManifest.xml:117:25-78
152            </intent-filter>
153        </receiver>
154        <receiver
154-->[androidx.work:work-runtime:2.3.2] AndroidManifest.xml:120:9-129:20
155            android:name="androidx.work.impl.background.systemalarm.ConstraintProxyUpdateReceiver"
155-->[androidx.work:work-runtime:2.3.2] AndroidManifest.xml:121:13-99
156            android:directBootAware="false"
156-->[androidx.work:work-runtime:2.3.2] AndroidManifest.xml:122:13-44
157            android:enabled="@bool/enable_system_alarm_service_default"
157-->[androidx.work:work-runtime:2.3.2] AndroidManifest.xml:123:13-72
158            android:exported="false" >
158-->[androidx.work:work-runtime:2.3.2] AndroidManifest.xml:124:13-37
159            <intent-filter>
159-->[androidx.work:work-runtime:2.3.2] AndroidManifest.xml:126:13-128:29
160                <action android:name="androidx.work.impl.background.systemalarm.UpdateProxies" />
160-->[androidx.work:work-runtime:2.3.2] AndroidManifest.xml:127:17-98
160-->[androidx.work:work-runtime:2.3.2] AndroidManifest.xml:127:25-95
161            </intent-filter>
162        </receiver>
163
164        <service
164-->[androidx.room:room-runtime:2.2.3] AndroidManifest.xml:25:9-27:40
165            android:name="androidx.room.MultiInstanceInvalidationService"
165-->[androidx.room:room-runtime:2.2.3] AndroidManifest.xml:26:13-74
166            android:exported="false" />
166-->[androidx.room:room-runtime:2.2.3] AndroidManifest.xml:27:13-37
167    </application>
168
169</manifest>